{"C:\\Projects\\Job_Test_Tasks\\Node_Rest\\src\\app.js": {"path":"C:\\Projects\\Job_Test_Tasks\\Node_Rest\\src\\app.js","statementMap":{"0":{"start":{"line":1,"column":16},"end":{"line":1,"column":34}},"1":{"start":{"line":2,"column":21},"end":{"line":2,"column":45}},"2":{"start":{"line":3,"column":18},"end":{"line":3,"column":47}},"3":{"start":{"line":4,"column":19},"end":{"line":4,"column":41}},"4":{"start":{"line":5,"column":22},"end":{"line":5,"column":55}},"5":{"start":{"line":7,"column":12},"end":{"line":7,"column":21}},"6":{"start":{"line":8,"column":0},"end":{"line":8,"column":27}},"7":{"start":{"line":11,"column":23},"end":{"line":35,"column":1}},"8":{"start":{"line":36,"column":20},"end":{"line":36,"column":48}},"9":{"start":{"line":37,"column":0},"end":{"line":37,"column":68}},"10":{"start":{"line":40,"column":0},"end":{"line":40,"column":36}},"11":{"start":{"line":42,"column":0},"end":{"line":42,"column":21}}},"fnMap":{},"branchMap":{},"s":{"0":1,"1":1,"2":1,"3":1,"4":1,"5":1,"6":1,"7":1,"8":1,"9":1,"10":1,"11":1},"f":{},"b":{},"_coverageSchema":"1a1c01bbd47fc00a2c39e90264f33305004495a9","hash":"16a4bf8b9e5d235d2e6f6a88aface33a9d6f1121"}
,"C:\\Projects\\Job_Test_Tasks\\Node_Rest\\src\\db.js": {"path":"C:\\Projects\\Job_Test_Tasks\\Node_Rest\\src\\db.js","statementMap":{"0":{"start":{"line":1,"column":16},"end":{"line":1,"column":44}},"1":{"start":{"line":2,"column":11},"end":{"line":2,"column":43}},"2":{"start":{"line":4,"column":0},"end":{"line":12,"column":3}},"3":{"start":{"line":5,"column":2},"end":{"line":11,"column":6}},"4":{"start":{"line":14,"column":0},"end":{"line":14,"column":20}}},"fnMap":{"0":{"name":"(anonymous_0)","decl":{"start":{"line":4,"column":13},"end":{"line":4,"column":14}},"loc":{"start":{"line":4,"column":19},"end":{"line":12,"column":1}},"line":4}},"branchMap":{},"s":{"0":3,"1":3,"2":3,"3":3,"4":3},"f":{"0":3},"b":{},"_coverageSchema":"1a1c01bbd47fc00a2c39e90264f33305004495a9","hash":"7b8897138a5993f30a25cd32c214488e69722ea4"}
,"C:\\Projects\\Job_Test_Tasks\\Node_Rest\\src\\controllers\\bookingController.js": {"path":"C:\\Projects\\Job_Test_Tasks\\Node_Rest\\src\\controllers\\bookingController.js","statementMap":{"0":{"start":{"line":1,"column":43},"end":{"line":1,"column":73}},"1":{"start":{"line":3,"column":11},"end":{"line":3,"column":27}},"2":{"start":{"line":4,"column":23},"end":{"line":4,"column":38}},"3":{"start":{"line":6,"column":0},"end":{"line":38,"column":2}},"4":{"start":{"line":7,"column":27},"end":{"line":7,"column":52}},"5":{"start":{"line":8,"column":2},"end":{"line":10,"column":3}},"6":{"start":{"line":9,"column":4},"end":{"line":9,"column":69}},"7":{"start":{"line":12,"column":45},"end":{"line":12,"column":50}},"8":{"start":{"line":14,"column":2},"end":{"line":18,"column":3}},"9":{"start":{"line":15,"column":4},"end":{"line":17,"column":7}},"10":{"start":{"line":20,"column":2},"end":{"line":37,"column":5}},"11":{"start":{"line":21,"column":4},"end":{"line":21,"column":80}},"12":{"start":{"line":21,"column":23},"end":{"line":21,"column":80}},"13":{"start":{"line":22,"column":4},"end":{"line":26,"column":5}},"14":{"start":{"line":23,"column":6},"end":{"line":25,"column":69}},"15":{"start":{"line":28,"column":15},"end":{"line":28,"column":23}},"16":{"start":{"line":29,"column":4},"end":{"line":36,"column":6}},"17":{"start":{"line":33,"column":8},"end":{"line":33,"column":74}},"18":{"start":{"line":33,"column":17},"end":{"line":33,"column":74}},"19":{"start":{"line":34,"column":8},"end":{"line":34,"column":69}},"20":{"start":{"line":40,"column":0},"end":{"line":45,"column":2}},"21":{"start":{"line":41,"column":2},"end":{"line":44,"column":5}},"22":{"start":{"line":42,"column":4},"end":{"line":42,"column":70}},"23":{"start":{"line":42,"column":13},"end":{"line":42,"column":70}},"24":{"start":{"line":43,"column":4},"end":{"line":43,"column":19}},"25":{"start":{"line":47,"column":0},"end":{"line":54,"column":2}},"26":{"start":{"line":48,"column":17},"end":{"line":48,"column":27}},"27":{"start":{"line":49,"column":2},"end":{"line":53,"column":5}},"28":{"start":{"line":50,"column":4},"end":{"line":50,"column":70}},"29":{"start":{"line":50,"column":13},"end":{"line":50,"column":70}},"30":{"start":{"line":51,"column":4},"end":{"line":51,"column":74}},"31":{"start":{"line":51,"column":14},"end":{"line":51,"column":74}},"32":{"start":{"line":52,"column":4},"end":{"line":52,"column":18}},"33":{"start":{"line":56,"column":0},"end":{"line":64,"column":2}},"34":{"start":{"line":57,"column":17},"end":{"line":57,"column":27}},"35":{"start":{"line":58,"column":2},"end":{"line":63,"column":5}},"36":{"start":{"line":59,"column":4},"end":{"line":59,"column":70}},"37":{"start":{"line":59,"column":13},"end":{"line":59,"column":70}},"38":{"start":{"line":60,"column":4},"end":{"line":61,"column":66}},"39":{"start":{"line":61,"column":6},"end":{"line":61,"column":66}},"40":{"start":{"line":62,"column":4},"end":{"line":62,"column":45}}},"fnMap":{"0":{"name":"(anonymous_0)","decl":{"start":{"line":6,"column":24},"end":{"line":6,"column":25}},"loc":{"start":{"line":6,"column":38},"end":{"line":38,"column":1}},"line":6},"1":{"name":"(anonymous_1)","decl":{"start":{"line":20,"column":46},"end":{"line":20,"column":47}},"loc":{"start":{"line":20,"column":76},"end":{"line":37,"column":3}},"line":20},"2":{"name":"(anonymous_2)","decl":{"start":{"line":32,"column":6},"end":{"line":32,"column":7}},"loc":{"start":{"line":32,"column":15},"end":{"line":35,"column":7}},"line":32},"3":{"name":"(anonymous_3)","decl":{"start":{"line":40,"column":25},"end":{"line":40,"column":26}},"loc":{"start":{"line":40,"column":39},"end":{"line":45,"column":1}},"line":40},"4":{"name":"(anonymous_4)","decl":{"start":{"line":41,"column":39},"end":{"line":41,"column":40}},"loc":{"start":{"line":41,"column":54},"end":{"line":44,"column":3}},"line":41},"5":{"name":"(anonymous_5)","decl":{"start":{"line":47,"column":25},"end":{"line":47,"column":26}},"loc":{"start":{"line":47,"column":39},"end":{"line":54,"column":1}},"line":47},"6":{"name":"(anonymous_6)","decl":{"start":{"line":49,"column":54},"end":{"line":49,"column":55}},"loc":{"start":{"line":49,"column":68},"end":{"line":53,"column":3}},"line":49},"7":{"name":"(anonymous_7)","decl":{"start":{"line":56,"column":24},"end":{"line":56,"column":25}},"loc":{"start":{"line":56,"column":38},"end":{"line":64,"column":1}},"line":56},"8":{"name":"(anonymous_8)","decl":{"start":{"line":58,"column":52},"end":{"line":58,"column":53}},"loc":{"start":{"line":58,"column":67},"end":{"line":63,"column":3}},"line":58}},"branchMap":{"0":{"loc":{"start":{"line":8,"column":2},"end":{"line":10,"column":3}},"type":"if","locations":[{"start":{"line":8,"column":2},"end":{"line":10,"column":3}},{"start":{},"end":{}}],"line":8},"1":{"loc":{"start":{"line":14,"column":2},"end":{"line":18,"column":3}},"type":"if","locations":[{"start":{"line":14,"column":2},"end":{"line":18,"column":3}},{"start":{},"end":{}}],"line":14},"2":{"loc":{"start":{"line":21,"column":4},"end":{"line":21,"column":80}},"type":"if","locations":[{"start":{"line":21,"column":4},"end":{"line":21,"column":80}},{"start":{},"end":{}}],"line":21},"3":{"loc":{"start":{"line":22,"column":4},"end":{"line":26,"column":5}},"type":"if","locations":[{"start":{"line":22,"column":4},"end":{"line":26,"column":5}},{"start":{},"end":{}}],"line":22},"4":{"loc":{"start":{"line":33,"column":8},"end":{"line":33,"column":74}},"type":"if","locations":[{"start":{"line":33,"column":8},"end":{"line":33,"column":74}},{"start":{},"end":{}}],"line":33},"5":{"loc":{"start":{"line":42,"column":4},"end":{"line":42,"column":70}},"type":"if","locations":[{"start":{"line":42,"column":4},"end":{"line":42,"column":70}},{"start":{},"end":{}}],"line":42},"6":{"loc":{"start":{"line":50,"column":4},"end":{"line":50,"column":70}},"type":"if","locations":[{"start":{"line":50,"column":4},"end":{"line":50,"column":70}},{"start":{},"end":{}}],"line":50},"7":{"loc":{"start":{"line":51,"column":4},"end":{"line":51,"column":74}},"type":"if","locations":[{"start":{"line":51,"column":4},"end":{"line":51,"column":74}},{"start":{},"end":{}}],"line":51},"8":{"loc":{"start":{"line":59,"column":4},"end":{"line":59,"column":70}},"type":"if","locations":[{"start":{"line":59,"column":4},"end":{"line":59,"column":70}},{"start":{},"end":{}}],"line":59},"9":{"loc":{"start":{"line":60,"column":4},"end":{"line":61,"column":66}},"type":"if","locations":[{"start":{"line":60,"column":4},"end":{"line":61,"column":66}},{"start":{},"end":{}}],"line":60}},"s":{"0":2,"1":2,"2":2,"3":2,"4":3,"5":3,"6":1,"7":2,"8":2,"9":1,"10":1,"11":1,"12":0,"13":1,"14":0,"15":1,"16":1,"17":1,"18":0,"19":1,"20":2,"21":1,"22":1,"23":0,"24":1,"25":2,"26":2,"27":2,"28":2,"29":0,"30":2,"31":1,"32":1,"33":2,"34":2,"35":2,"36":2,"37":0,"38":2,"39":1,"40":1},"f":{"0":3,"1":1,"2":1,"3":1,"4":1,"5":2,"6":2,"7":2,"8":2},"b":{"0":[1,2],"1":[1,1],"2":[0,1],"3":[0,1],"4":[0,1],"5":[0,1],"6":[0,2],"7":[1,1],"8":[0,2],"9":[1,1]},"_coverageSchema":"1a1c01bbd47fc00a2c39e90264f33305004495a9","hash":"978ca2313f095161c09d42287175c4410806c7b1"}
,"C:\\Projects\\Job_Test_Tasks\\Node_Rest\\src\\routes\\bookingRoutes.js": {"path":"C:\\Projects\\Job_Test_Tasks\\Node_Rest\\src\\routes\\bookingRoutes.js","statementMap":{"0":{"start":{"line":1,"column":16},"end":{"line":1,"column":34}},"1":{"start":{"line":2,"column":15},"end":{"line":2,"column":31}},"2":{"start":{"line":3,"column":26},"end":{"line":3,"column":69}},"3":{"start":{"line":20,"column":0},"end":{"line":20,"column":50}},"4":{"start":{"line":31,"column":0},"end":{"line":31,"column":50}},"5":{"start":{"line":48,"column":0},"end":{"line":48,"column":53}},"6":{"start":{"line":65,"column":0},"end":{"line":65,"column":55}},"7":{"start":{"line":67,"column":0},"end":{"line":67,"column":24}}},"fnMap":{},"branchMap":{},"s":{"0":1,"1":1,"2":1,"3":1,"4":1,"5":1,"6":1,"7":1},"f":{},"b":{},"_coverageSchema":"1a1c01bbd47fc00a2c39e90264f33305004495a9","hash":"4b09a12cdf2012c4f8d7408892e4f0a88d312010"}
,"C:\\Projects\\Job_Test_Tasks\\Node_Rest\\src\\utils\\validators.js": {"path":"C:\\Projects\\Job_Test_Tasks\\Node_Rest\\src\\utils\\validators.js","statementMap":{"0":{"start":{"line":1,"column":12},"end":{"line":1,"column":26}},"1":{"start":{"line":3,"column":22},"end":{"line":20,"column":2}},"2":{"start":{"line":22,"column":0},"end":{"line":22,"column":65}},"3":{"start":{"line":22,"column":36},"end":{"line":22,"column":64}},"4":{"start":{"line":24,"column":0},"end":{"line":34,"column":2}},"5":{"start":{"line":25,"column":2},"end":{"line":33,"column":4}}},"fnMap":{"0":{"name":"(anonymous_0)","decl":{"start":{"line":22,"column":26},"end":{"line":22,"column":27}},"loc":{"start":{"line":22,"column":36},"end":{"line":22,"column":64}},"line":22},"1":{"name":"(anonymous_1)","decl":{"start":{"line":24,"column":24},"end":{"line":24,"column":25}},"loc":{"start":{"line":24,"column":68},"end":{"line":34,"column":1}},"line":24}},"branchMap":{},"s":{"0":3,"1":3,"2":3,"3":4,"4":3,"5":1},"f":{"0":4,"1":1},"b":{},"_coverageSchema":"1a1c01bbd47fc00a2c39e90264f33305004495a9","hash":"5b558b6641cbe09e8eb5f45291fed05e47def06e"}
}
