TN:
SF:src\app.js
FNF:0
FNH:0
DA:1,1
DA:2,1
DA:3,1
DA:4,1
DA:5,1
DA:7,1
DA:8,1
DA:11,1
DA:36,1
DA:37,1
DA:40,1
DA:42,1
LF:12
LH:12
BRF:0
BRH:0
end_of_record
TN:
SF:src\db.js
FN:4,(anonymous_0)
FNF:1
FNH:1
FNDA:3,(anonymous_0)
DA:1,3
DA:2,3
DA:4,3
DA:5,3
DA:14,3
LF:5
LH:5
BRF:0
BRH:0
end_of_record
TN:
SF:src\controllers\bookingController.js
FN:6,(anonymous_0)
FN:20,(anonymous_1)
FN:32,(anonymous_2)
FN:40,(anonymous_3)
FN:41,(anonymous_4)
FN:47,(anonymous_5)
FN:49,(anonymous_6)
FN:56,(anonymous_7)
FN:58,(anonymous_8)
FNF:9
FNH:9
FNDA:3,(anonymous_0)
FNDA:1,(anonymous_1)
FNDA:1,(anonymous_2)
FNDA:1,(anonymous_3)
FNDA:1,(anonymous_4)
FNDA:2,(anonymous_5)
FNDA:2,(anonymous_6)
FNDA:2,(anonymous_7)
FNDA:2,(anonymous_8)
DA:1,2
DA:3,2
DA:4,2
DA:6,2
DA:7,3
DA:8,3
DA:9,1
DA:12,2
DA:14,2
DA:15,1
DA:20,1
DA:21,1
DA:22,1
DA:23,0
DA:28,1
DA:29,1
DA:33,1
DA:34,1
DA:40,2
DA:41,1
DA:42,1
DA:43,1
DA:47,2
DA:48,2
DA:49,2
DA:50,2
DA:51,2
DA:52,1
DA:56,2
DA:57,2
DA:58,2
DA:59,2
DA:60,2
DA:61,1
DA:62,1
LF:35
LH:34
BRDA:8,0,0,1
BRDA:8,0,1,2
BRDA:14,1,0,1
BRDA:14,1,1,1
BRDA:21,2,0,0
BRDA:21,2,1,1
BRDA:22,3,0,0
BRDA:22,3,1,1
BRDA:33,4,0,0
BRDA:33,4,1,1
BRDA:42,5,0,0
BRDA:42,5,1,1
BRDA:50,6,0,0
BRDA:50,6,1,2
BRDA:51,7,0,1
BRDA:51,7,1,1
BRDA:59,8,0,0
BRDA:59,8,1,2
BRDA:60,9,0,1
BRDA:60,9,1,1
BRF:20
BRH:14
end_of_record
TN:
SF:src\routes\bookingRoutes.js
FNF:0
FNH:0
DA:1,1
DA:2,1
DA:3,1
DA:20,1
DA:31,1
DA:48,1
DA:65,1
DA:67,1
LF:8
LH:8
BRF:0
BRH:0
end_of_record
TN:
SF:src\utils\validators.js
FN:22,(anonymous_0)
FN:24,(anonymous_1)
FNF:2
FNH:2
FNDA:4,(anonymous_0)
FNDA:1,(anonymous_1)
DA:1,3
DA:3,3
DA:22,4
DA:24,3
DA:25,1
LF:5
LH:5
BRF:0
BRH:0
end_of_record
